\BOOKMARK [1][-]{Doc-Start}{\376\377\000R\000e\000s\000u\000m\000e\000n}{}% 1
\BOOKMARK [1][-]{chapter*.1}{\376\377\000I\000n\000d\000i\000c\000e\000\040\000d\000e\000\040\000T\000a\000b\000l\000a\000s}{}% 2
\BOOKMARK [1][-]{chapter*.1}{\376\377\000I\000n\000d\000i\000c\000e\000\040\000d\000e\000\040\000F\000i\000g\000u\000r\000a\000s}{}% 3
\BOOKMARK [0][-]{chapter.1}{\376\377\000I\000n\000t\000r\000o\000d\000u\000c\000c\000i\000\363\000n}{}% 4
\BOOKMARK [1][-]{section.1.1}{\376\377\000P\000l\000a\000n\000t\000e\000a\000m\000i\000e\000n\000t\000o\000\040\000d\000e\000l\000\040\000p\000r\000o\000b\000l\000e\000m\000a\000.}{chapter.1}% 5
\BOOKMARK [1][-]{section.1.2}{\376\377\000O\000b\000j\000e\000t\000i\000v\000o\000\040\000g\000e\000n\000e\000r\000a\000l}{chapter.1}% 6
\BOOKMARK [1][-]{section.1.3}{\376\377\000O\000b\000j\000e\000t\000i\000v\000o\000s\000\040\000e\000s\000p\000e\000c\000\355\000f\000i\000c\000o\000s}{chapter.1}% 7
\BOOKMARK [1][-]{section.1.4}{\376\377\000H\000i\000p\000\363\000t\000e\000s\000i\000s\000\040\000H\0000}{chapter.1}% 8
\BOOKMARK [1][-]{section.1.5}{\376\377\000J\000u\000s\000t\000i\000f\000i\000c\000a\000c\000i\000\363\000n\000\040\000d\000e\000l\000\040\000e\000s\000t\000u\000d\000i\000o}{chapter.1}% 9
\BOOKMARK [1][-]{section.1.6}{\376\377\000O\000r\000g\000a\000n\000i\000z\000a\000c\000i\000\363\000n\000\040\000d\000e\000l\000\040\000p\000r\000o\000t\000o\000c\000o\000l\000o\000\040\000d\000e\000\040\000i\000n\000v\000e\000s\000t\000i\000g\000a\000c\000i\000\363\000n}{chapter.1}% 10
\BOOKMARK [0][-]{chapter.2}{\376\377\000M\000a\000r\000c\000o\000\040\000t\000e\000\363\000r\000i\000c\000o}{}% 11
\BOOKMARK [1][-]{section.2.1}{\376\377\000P\000r\000o\000t\000o\000c\000o\000l\000o\000\040\000d\000e\000\040\000C\000o\000m\000u\000n\000i\000c\000a\000c\000i\000\363\000n\000\040\000C\000A\000N}{chapter.2}% 12
\BOOKMARK [1][-]{section.2.2}{\376\377\000H\000i\000s\000t\000o\000r\000i\000a\000\040\000d\000e\000\040\000C\000A\000N}{chapter.2}% 13
\BOOKMARK [1][-]{section.2.3}{\376\377\000R\000e\000d\000\040\000C\000A\000N}{chapter.2}% 14
\BOOKMARK [1][-]{section.2.4}{\376\377\000V\000e\000n\000t\000a\000j\000a\000s\000\040\000d\000e\000l\000\040\000b\000u\000s\000\040\000C\000A\000N}{chapter.2}% 15
\BOOKMARK [1][-]{section.2.5}{\376\377\000C\000o\000m\000u\000n\000i\000c\000a\000c\000i\000\363\000n\000\040\000s\000e\000r\000i\000a\000l\000\040\000C\000A\000N}{chapter.2}% 16
\BOOKMARK [1][-]{section.2.6}{\376\377\000F\000u\000n\000c\000i\000o\000n\000a\000m\000i\000e\000n\000t\000o\000\040\000d\000e\000l\000\040\000A\000S\000I\000C}{chapter.2}% 17
\BOOKMARK [0][-]{chapter.3}{\376\377\000A\000n\000t\000e\000c\000e\000d\000e\000n\000t\000e\000s}{}% 18
\BOOKMARK [1][-]{section.3.1}{\376\377\000E\000s\000t\000u\000d\000i\000o\000\040\000d\000e\000\040\000R\000e\000d\000\040\000C\000A\000N}{chapter.3}% 19
\BOOKMARK [1][-]{section.3.2}{\376\377\000E\000s\000t\000u\000d\000i\000o\000\040\000d\000e\000\040\000C\000A\000N\000\040\000A\000S\000I\000C}{chapter.3}% 20
\BOOKMARK [1][-]{section.3.3}{\376\377\000D\000o\000c\000u\000m\000e\000n\000t\000o\000\040\000d\000e\000\040\000C\000\137\000C\000A\000N}{chapter.3}% 21
\BOOKMARK [1][-]{section.3.4}{\376\377\000E\000s\000t\000u\000d\000i\000o\000\040\000d\000e\000\040\000M\000a\000c\000r\000o\000\040\000M\000e\000m\000o\000r\000y\000\040\000C\000e\000l\000l\000\040\000G\000e\000n\000e\000r\000a\000t\000o\000r}{chapter.3}% 22
\BOOKMARK [0][-]{chapter.4}{\376\377\000M\000e\000t\000o\000d\000o\000l\000o\000g\000\355\000a}{}% 23
\BOOKMARK [1][-]{section.4.1}{\376\377\000E\000s\000p\000e\000c\000i\000f\000i\000c\000a\000c\000i\000\363\000n\000\040\000d\000e\000\040\000v\000a\000r\000i\000a\000b\000l\000e\000s}{chapter.4}% 24
\BOOKMARK [1][-]{section.4.2}{\376\377\000C\000i\000c\000l\000o\000\040\000d\000e\000\040\000d\000i\000s\000e\000\361\000o}{chapter.4}% 25
\BOOKMARK [1][-]{section.4.3}{\376\377\000D\000i\000s\000e\000\361\000o\000\040\000u\000t\000i\000l\000i\000z\000a\000d\000o}{chapter.4}% 26
\BOOKMARK [1][-]{section.4.4}{\376\377\000I\000m\000p\000l\000e\000m\000e\000n\000t\000a\000c\000i\000\363\000n}{chapter.4}% 27
\BOOKMARK [1][-]{section.4.5}{\376\377\000I\000n\000s\000t\000r\000u\000m\000e\000n\000t\000o\000s\000\040\000d\000e\000\040\000m\000e\000d\000i\000c\000i\000\363\000n\000\040\000e\000m\000p\000l\000e\000a\000d\000o\000s}{chapter.4}% 28
\BOOKMARK [1][-]{section.4.6}{\376\377\000M\000a\000t\000e\000r\000i\000a\000l\000e\000s\000\040\000E\000m\000p\000l\000e\000a\000d\000o\000s}{chapter.4}% 29
\BOOKMARK [1][-]{section.4.7}{\376\377\000D\000O\000-\0002\0005\0004\000\040\000D\000A\000L\000\040\000A}{chapter.4}% 30
\BOOKMARK [1][-]{section.4.8}{\376\377\000F\000A\000B\000u\000l\000o\000u\000s\000\040\000F\000P\000G\000A}{chapter.4}% 31
\BOOKMARK [2][-]{subsection.4.8.1}{\376\377\000C\000e\000l\000d\000a\000s\000\040\000P\000a\000r\000a\000m\000e\000t\000r\000i\000z\000a\000b\000l\000e\000s\000\040\000\050\000P\000c\000e\000l\000l\000s\000\051}{section.4.8}% 32
\BOOKMARK [2][-]{subsection.4.8.2}{\376\377\000O\000p\000e\000n\000\040\000M\000P\000W}{section.4.8}% 33
\BOOKMARK [1][-]{section.4.9}{\376\377\000H\000e\000r\000r\000a\000m\000i\000e\000n\000t\000a\000s\000\040\000I\000I\000C\000-\000O\000S\000I\000C\000-\000T\000O\000O\000L\000S}{chapter.4}% 34
\BOOKMARK [2][-]{subsection.4.9.1}{\376\377\000D\000o\000c\000k\000e\000r}{section.4.9}% 35
\BOOKMARK [2][-]{subsection.4.9.2}{\376\377\000G\000T\000K\000W\000a\000v\000e}{section.4.9}% 36
\BOOKMARK [2][-]{subsection.4.9.3}{\376\377\000S\000u\000r\000f\000e\000r}{section.4.9}% 37
\BOOKMARK [2][-]{subsection.4.9.4}{\376\377\000Y\000o\000s\000y\000s\000\040\000S\000t\000a\000t\000s}{section.4.9}% 38
\BOOKMARK [2][-]{subsection.4.9.5}{\376\377\000L\000i\000b\000r\000e\000l\000a\000n\000e}{section.4.9}% 39
\BOOKMARK [0][-]{chapter.5}{\376\377\000R\000e\000s\000u\000l\000t\000a\000d\000o\000s\000\040\000e\000s\000p\000e\000r\000a\000d\000o\000s}{}% 40
\BOOKMARK [1][-]{section.5.1}{\376\377\000C\000o\000n\000t\000r\000i\000b\000u\000c\000i\000o\000n\000e\000s}{chapter.5}% 41
\BOOKMARK [1][-]{section.5.2}{\376\377\000P\000r\000o\000p\000u\000e\000s\000t\000a\000\040\000d\000e\000\040\000S\000o\000l\000u\000c\000i\000\363\000n}{chapter.5}% 42
\BOOKMARK [0][-]{chapter.6}{\376\377\000C\000o\000m\000e\000n\000t\000a\000r\000i\000o\000s\000\040\000f\000i\000n\000a\000l\000e\000s}{}% 43
\BOOKMARK [0][-]{chapter*.42}{\376\377\000G\000l\000o\000s\000a\000r\000i\000o}{}% 44
\BOOKMARK [0][-]{chapter*.42}{\376\377\000B\000i\000b\000l\000i\000o\000g\000r\000a\000f\000\355\000a}{}% 45
\BOOKMARK [0][-]{section*.44}{\376\377\000A\000n\000e\000x\000o\000s}{}% 46
\BOOKMARK [0][-]{appendix*.45}{\376\377\000A\000n\000e\000x\000o\000\040\000A}{}% 47
